<?xml version="1.0" encoding="UTF-8"?>
<!-- Generated by org.testng.reporters.JUnitXMLReporter -->
<testsuite ignored="0" hostname="DeMon" failures="0" tests="7" name="API Tests" time="13.455" errors="0" timestamp="2026-07-27T17:38:10 IST">
  <testcase classname="com.apiframework.tests.CreateAccountTest" name="createAccount" time="5.734"/>
  <testcase classname="com.apiframework.tests.GetApiTest" name="getAllProducts" time="1.501"/>
  <testcase classname="com.apiframework.tests.PostApiTest" name="searchProduct" time="1.243"/>
  <testcase classname="com.apiframework.tests.PostApiTest" name="verifyLogin" time="0.643"/>
  <testcase classname="com.apiframework.tests.GetUserDetailsTest" name="getUserDetails" time="1.31"/>
  <testcase classname="com.apiframework.tests.UpdateAccountTest" name="updateAccount" time="1.496"/>
  <testcase classname="com.apiframework.tests.DeleteAccountTest" name="deleteAccount" time="0.703"/>
</testsuite> <!-- API Tests -->
