<?xml version="1.0" encoding="UTF-8"?>
<testng-results ignored="0" total="1" passed="1" failed="0" skipped="0">
  <reporter-output>
  </reporter-output>
  <suite started-at="2026-07-27T18:42:26 IST" name="Default suite" finished-at="2026-07-27T18:42:30 IST" duration-ms="4092">
    <groups>
    </groups>
    <test started-at="2026-07-27T18:42:26 IST" name="Default test" finished-at="2026-07-27T18:42:30 IST" duration-ms="4092">
      <class name="com.apiframework.tests.BasicAuthTest">
        <test-method signature="basicAuthenticationExample()[pri:0, instance:com.apiframework.tests.BasicAuthTest@34123d65]" started-at="2026-07-27T18:42:26 IST" name="basicAuthenticationExample" finished-at="2026-07-27T18:42:30 IST" duration-ms="4042" status="PASS">
          <reporter-output>
          </reporter-output>
        </test-method> <!-- basicAuthenticationExample -->
      </class> <!-- com.apiframework.tests.BasicAuthTest -->
    </test> <!-- Default test -->
  </suite> <!-- Default suite -->
</testng-results>
