<?xml version="1.0" encoding="UTF-8"?>
<!-- Generated by org.testng.reporters.JUnitReportReporter -->
<testsuite hostname="DeMon" failures="0" tests="2" name="com.apiframework.tests.PostApiTest" time="1.886" errors="0" timestamp="2026-07-27T17:38:10 IST" skipped="0">
  <testcase classname="com.apiframework.tests.PostApiTest" name="searchProduct" time="1.243"/>
  <testcase classname="com.apiframework.tests.PostApiTest" name="verifyLogin" time="0.643"/>
</testsuite> <!-- com.apiframework.tests.PostApiTest -->
